2025-03-01 15:12:32,040 INFO    MainThread:29046 [wandb_setup.py:_flush():67] Current SDK version is 0.19.7
2025-03-01 15:12:32,040 INFO    MainThread:29046 [wandb_setup.py:_flush():67] Configure stats pid to 29046
2025-03-01 15:12:32,040 INFO    MainThread:29046 [wandb_setup.py:_flush():67] Loading settings from /Users/tseesurenb/.config/wandb/settings
2025-03-01 15:12:32,040 INFO    MainThread:29046 [wandb_setup.py:_flush():67] Loading settings from /Users/tseesurenb/Desktop/Research/Models/DySimGCF/wandb/settings
2025-03-01 15:12:32,040 INFO    MainThread:29046 [wandb_setup.py:_flush():67] Loading settings from environment variables
2025-03-01 15:12:32,040 INFO    MainThread:29046 [wandb_init.py:setup_run_log_directory():647] Logging user logs to /Users/tseesurenb/Desktop/Research/Models/DySimGCF/wandb/run-20250301_151232-umw74rrz/logs/debug.log
2025-03-01 15:12:32,040 INFO    MainThread:29046 [wandb_init.py:setup_run_log_directory():648] Logging internal logs to /Users/tseesurenb/Desktop/Research/Models/DySimGCF/wandb/run-20250301_151232-umw74rrz/logs/debug-internal.log
2025-03-01 15:12:32,041 INFO    MainThread:29046 [wandb_init.py:init():761] calling init triggers
2025-03-01 15:12:32,041 INFO    MainThread:29046 [wandb_init.py:init():766] wandb.init called with sweep_config: {}
config: {'learning_rate': 0.02, 'architecture': 'CNN', 'dataset': 'CIFAR-100', 'epochs': 100, '_wandb': {}}
2025-03-01 15:12:32,041 INFO    MainThread:29046 [wandb_init.py:init():784] starting backend
2025-03-01 15:12:32,041 INFO    MainThread:29046 [wandb_init.py:init():788] sending inform_init request
2025-03-01 15:12:32,059 INFO    MainThread:29046 [backend.py:_multiprocessing_setup():97] multiprocessing start_methods=spawn,fork,forkserver, using: spawn
2025-03-01 15:12:32,059 INFO    MainThread:29046 [wandb_init.py:init():803] backend started and connected
2025-03-01 15:12:32,062 INFO    MainThread:29046 [wandb_init.py:init():896] updated telemetry
2025-03-01 15:12:32,078 INFO    MainThread:29046 [wandb_init.py:init():920] communicating run to backend with 90.0 second timeout
2025-03-01 15:12:32,532 INFO    MainThread:29046 [wandb_init.py:init():995] starting run threads in backend
2025-03-01 15:12:32,820 INFO    MainThread:29046 [wandb_run.py:_console_start():2377] atexit reg
2025-03-01 15:12:32,820 INFO    MainThread:29046 [wandb_run.py:_redirect():2227] redirect: wrap_raw
2025-03-01 15:12:32,820 INFO    MainThread:29046 [wandb_run.py:_redirect():2292] Wrapping output streams.
2025-03-01 15:12:32,820 INFO    MainThread:29046 [wandb_run.py:_redirect():2317] Redirects installed.
2025-03-01 15:12:32,822 INFO    MainThread:29046 [wandb_init.py:init():1037] run started, returning control to user process
2025-03-01 15:13:07,263 WARNING MsgRouterThr:29046 [router.py:message_loop():77] message_loop has been closed
Traceback (most recent call last):
  File "/opt/anaconda3/lib/python3.12/site-packages/wandb/sdk/interface/router_sock.py", line 28, in _read_message
    resp = self._sock_client.read_server_response(timeout=1)
           ^^^^^^^^^^^^^^^^^^^^^^^^^^^^^^^^^^^^^^^^^^^^^^^^^
  File "/opt/anaconda3/lib/python3.12/site-packages/wandb/sdk/lib/sock_client.py", line 285, in read_server_response
    data = self._read_packet_bytes(timeout=timeout)
           ^^^^^^^^^^^^^^^^^^^^^^^^^^^^^^^^^^^^^^^^
  File "/opt/anaconda3/lib/python3.12/site-packages/wandb/sdk/lib/sock_client.py", line 270, in _read_packet_bytes
    raise SockClientClosedError
wandb.sdk.lib.sock_client.SockClientClosedError

The above exception was the direct cause of the following exception:

Traceback (most recent call last):
  File "/opt/anaconda3/lib/python3.12/site-packages/wandb/sdk/interface/router.py", line 70, in message_loop
    msg = self._read_message()
          ^^^^^^^^^^^^^^^^^^^^
  File "/opt/anaconda3/lib/python3.12/site-packages/wandb/sdk/interface/router_sock.py", line 30, in _read_message
    raise MessageRouterClosedError from e
wandb.sdk.interface.router.MessageRouterClosedError
2025-03-01 15:13:07,265 INFO    MsgRouterThr:29046 [mailbox.py:close():115] Closing mailbox, abandoning 1 handles.
